<?xml version="1.0" encoding="UTF-8"?>
<testng-results total="7" passed="7" failed="0" skipped="0">
  <reporter-output>
  </reporter-output>
  <suite started-at="2018-06-27T14:16:43Z" name="Default suite" finished-at="2018-06-27T14:17:01Z" duration-ms="18804">
    <groups>
    </groups>
    <test started-at="2018-06-27T14:16:43Z" name="Default test" finished-at="2018-06-27T14:17:01Z" duration-ms="18804">
      <class name="Keyword.MyTest">
        <test-method is-config="true" signature="calllaunchBrowser()[pri:0, instance:Keyword.MyTest@2de23121]" started-at="2018-06-27T19:46:43Z" name="calllaunchBrowser" finished-at="2018-06-27T19:46:49Z" duration-ms="5961" status="PASS">
          <reporter-output>
          </reporter-output>
        </test-method> <!-- calllaunchBrowser -->
        <test-method signature="testLoginCorrectCredentials()[pri:0, instance:Keyword.MyTest@2de23121]" started-at="2018-06-27T19:46:49Z" name="testLoginCorrectCredentials" finished-at="2018-06-27T19:46:55Z" duration-ms="6128" status="PASS">
          <reporter-output>
          </reporter-output>
        </test-method> <!-- testLoginCorrectCredentials -->
        <test-method signature="testLoginWorngPswrd_WrongUsrname()[pri:0, instance:Keyword.MyTest@2de23121]" started-at="2018-06-27T19:46:55Z" name="testLoginWorngPswrd_WrongUsrname" finished-at="2018-06-27T19:46:56Z" duration-ms="787" status="PASS">
          <reporter-output>
          </reporter-output>
        </test-method> <!-- testLoginWorngPswrd_WrongUsrname -->
        <test-method signature="testLoginBlankPswrd_BlankUsrname()[pri:0, instance:Keyword.MyTest@2de23121]" started-at="2018-06-27T19:46:56Z" name="testLoginBlankPswrd_BlankUsrname" finished-at="2018-06-27T19:46:56Z" duration-ms="589" status="PASS">
          <reporter-output>
          </reporter-output>
        </test-method> <!-- testLoginBlankPswrd_BlankUsrname -->
        <test-method signature="testLoginWrongPswrd_CorrectUsrname()[pri:0, instance:Keyword.MyTest@2de23121]" started-at="2018-06-27T19:46:56Z" name="testLoginWrongPswrd_CorrectUsrname" finished-at="2018-06-27T19:46:57Z" duration-ms="731" status="PASS">
          <reporter-output>
          </reporter-output>
        </test-method> <!-- testLoginWrongPswrd_CorrectUsrname -->
        <test-method signature="testLoginCorrectPswrd_WrongUsrname()[pri:0, instance:Keyword.MyTest@2de23121]" started-at="2018-06-27T19:46:57Z" name="testLoginCorrectPswrd_WrongUsrname" finished-at="2018-06-27T19:46:58Z" duration-ms="759" status="PASS">
          <reporter-output>
          </reporter-output>
        </test-method> <!-- testLoginCorrectPswrd_WrongUsrname -->
        <test-method signature="testLoginBlankPswrd_CorrectUsrname()[pri:0, instance:Keyword.MyTest@2de23121]" started-at="2018-06-27T19:46:58Z" name="testLoginBlankPswrd_CorrectUsrname" finished-at="2018-06-27T19:46:58Z" duration-ms="886" status="PASS">
          <reporter-output>
          </reporter-output>
        </test-method> <!-- testLoginBlankPswrd_CorrectUsrname -->
        <test-method signature="testLoginCorrectPswrd_BlankUsrname()[pri:0, instance:Keyword.MyTest@2de23121]" started-at="2018-06-27T19:46:58Z" name="testLoginCorrectPswrd_BlankUsrname" finished-at="2018-06-27T19:46:59Z" duration-ms="616" status="PASS">
          <reporter-output>
          </reporter-output>
        </test-method> <!-- testLoginCorrectPswrd_BlankUsrname -->
        <test-method is-config="true" signature="callCloseBrowser()[pri:0, instance:Keyword.MyTest@2de23121]" started-at="2018-06-27T19:46:59Z" name="callCloseBrowser" finished-at="2018-06-27T19:47:01Z" duration-ms="2323" status="PASS">
          <reporter-output>
          </reporter-output>
        </test-method> <!-- callCloseBrowser -->
      </class> <!-- Keyword.MyTest -->
    </test> <!-- Default test -->
  </suite> <!-- Default suite -->
</testng-results>
